Using pre-set license
Built from '2020.2/release' branch; Version is '2020.2.2f1 (068178b99f32) revision 426360'; Using compiler version '192528614'; Build Type 'Release'
OS: 'Windows 10 Pro; OS build 19043.1165; Version 2009; 64bit' Language: 'en' Physical Memory: 32645 MB
BatchMode: 1, IsHumanControllingUs: 0, StartBugReporterOnCrash: 0, Is64bit: 1, IsPro: 0

 COMMAND LINE ARGUMENTS:
C:\Program Files\Unity\Hub\Editor\2020.2.2f1\Editor\Unity.exe
-adb2
-batchMode
-noUpm
-name
AssetImportWorker0
-projectPath
C:/Users/lalal/OneDrive - TAFE NSW/Personal Games/2DPlatformer
-logFile
Logs/AssetImportWorker0.log
-srvPort
61616
Successfully changed project path to: C:/Users/lalal/OneDrive - TAFE NSW/Personal Games/2DPlatformer
C:/Users/lalal/OneDrive - TAFE NSW/Personal Games/2DPlatformer
Using Asset Import Pipeline V2.
Refreshing native plugins compatible for Editor in 158.39 ms, found 3 plugins.
Preloading 0 native plugins for Editor in 0.00 ms.
Initialize engine version: 2020.2.2f1 (068178b99f32)
[Subsystems] Discovering subsystems at path C:/Program Files/Unity/Hub/Editor/2020.2.2f1/Editor/Data/Resources/UnitySubsystems
[Subsystems] Discovering subsystems at path C:/Users/lalal/OneDrive - TAFE NSW/Personal Games/2DPlatformer/Assets
GfxDevice: creating device client; threaded=0
Direct3D:
    Version:  Direct3D 11.0 [level 11.1]
    Renderer: NVIDIA GeForce RTX 2070 with Max-Q Design (ID=0x1f50)
    Vendor:   
    VRAM:     8031 MB
    Driver:   27.21.14.6280
Initialize mono
Mono path[0] = 'C:/Program Files/Unity/Hub/Editor/2020.2.2f1/Editor/Data/Managed'
Mono path[1] = 'C:/Program Files/Unity/Hub/Editor/2020.2.2f1/Editor/Data/MonoBleedingEdge/lib/mono/unityjit'
Mono config path = 'C:/Program Files/Unity/Hub/Editor/2020.2.2f1/Editor/Data/MonoBleedingEdge/etc'
Using monoOptions --debugger-agent=transport=dt_socket,embedding=1,server=y,suspend=n,address=127.0.0.1:56884
Begin MonoManager ReloadAssembly
Registering precompiled unity dll's ...
Register platform support module: C:/Program Files/Unity/Hub/Editor/2020.2.2f1/Editor/Data/PlaybackEngines/WindowsStandaloneSupport/UnityEditor.WindowsStandalone.Extensions.dll
Registered in 0.009430 seconds.
Native extension for WindowsStandalone target not found
Refreshing native plugins compatible for Editor in 189.57 ms, found 3 plugins.
Preloading 0 native plugins for Editor in 0.00 ms.
Invoked RoslynAnalysisRunner static constructor.
RoslynAnalysisRunner will not be running.
RoslynAnalysisRunner has terminated.
Mono: successfully reloaded assembly
- Completed reload, in  9.286 seconds
Platform modules already initialized, skipping
Registering precompiled user dll's ...
Registered in 0.006047 seconds.
Begin MonoManager ReloadAssembly
Native extension for WindowsStandalone target not found
Refreshing native plugins compatible for Editor in 226.01 ms, found 3 plugins.
Preloading 0 native plugins for Editor in 0.00 ms.
Invoked RoslynAnalysisRunner static constructor.
RoslynAnalysisRunner will not be running.
RoslynAnalysisRunner has terminated.
Mono: successfully reloaded assembly
- Completed reload, in  3.282 seconds
Platform modules already initialized, skipping
========================================================================
Worker process is ready to serve import requests
Launched and connected shader compiler UnityShaderCompiler.exe after 0.17 seconds
Refreshing native plugins compatible for Editor in 1.06 ms, found 3 plugins.
Preloading 0 native plugins for Editor in 0.00 ms.
Unloading 1991 Unused Serialized files (Serialized files now loaded: 0)
System memory in use before: 92.3 MB.
System memory in use after: 92.4 MB.

Unloading 22 unused Assets to reduce memory usage. Loaded Objects now: 2434.
Total: 5.919800 ms (FindLiveObjects: 0.538500 ms CreateObjectMapping: 0.195400 ms MarkObjects: 5.018100 ms  DeleteObjects: 0.161500 ms)

========================================================================
Received Import Request.
  path: Assets/Music.mixer
  artifactKey: Guid(b12de4e0a86d89b4684aecc48c0892cd) Importer(815301076,1909f56bfc062723c751e8b465ee728b)
Start importing Assets/Music.mixer using Guid(b12de4e0a86d89b4684aecc48c0892cd) Importer(815301076,1909f56bfc062723c751e8b465ee728b)  -> (artifact id: '2016112432756555513385479a7184b4') in 0.201067 seconds
  Import took 0.214837 seconds .

========================================================================
Received Import Request.
  Time since last request: 524.636680 seconds.
  path: Assets/Scenes/Level 1.unity
  artifactKey: Guid(3e2d03e4399d92e4f92c61845f84ebd8) Importer(815301076,1909f56bfc062723c751e8b465ee728b)
Start importing Assets/Scenes/Level 1.unity using Guid(3e2d03e4399d92e4f92c61845f84ebd8) Importer(815301076,1909f56bfc062723c751e8b465ee728b)  -> (artifact id: 'a81c6b2d34eebcc9313b9894712b3400') in 0.006085 seconds
  Import took 0.012370 seconds .

========================================================================
Received Import Request.
  Time since last request: 0.015768 seconds.
  path: Assets/Scenes/Level 1.unity
  artifactKey: Guid(3e2d03e4399d92e4f92c61845f84ebd8) Importer(815301076,1909f56bfc062723c751e8b465ee728b)
Start importing Assets/Scenes/Level 1.unity using Guid(3e2d03e4399d92e4f92c61845f84ebd8) Importer(815301076,1909f56bfc062723c751e8b465ee728b)  -> (artifact id: 'a81c6b2d34eebcc9313b9894712b3400') in 0.004711 seconds
  Import took 0.010640 seconds .

========================================================================
Received Import Request.
  Time since last request: 10.650362 seconds.
  path: Assets/Cainos
  artifactKey: Guid(61d40635613bc1848968e463d5b1256d) Importer(815301076,1909f56bfc062723c751e8b465ee728b)
Start importing Assets/Cainos using Guid(61d40635613bc1848968e463d5b1256d) Importer(815301076,1909f56bfc062723c751e8b465ee728b)  -> (artifact id: '3e582a0c4aa8661e2fad62d0841de1b4') in 0.005107 seconds
  Import took 0.011565 seconds .

========================================================================
Received Prepare
Registering precompiled user dll's ...
Registered in 0.004497 seconds.
Begin MonoManager ReloadAssembly
Native extension for WindowsStandalone target not found
Refreshing native plugins compatible for Editor in 1.28 ms, found 3 plugins.
Preloading 0 native plugins for Editor in 0.00 ms.
Invoked RoslynAnalysisRunner static constructor.
RoslynAnalysisRunner will not be running.
RoslynAnalysisRunner has terminated.
Mono: successfully reloaded assembly
- Completed reload, in  2.986 seconds
Platform modules already initialized, skipping
Refreshing native plugins compatible for Editor in 1.65 ms, found 3 plugins.
Preloading 0 native plugins for Editor in 0.00 ms.
Unloading 1959 Unused Serialized files (Serialized files now loaded: 0)
System memory in use before: 90.4 MB.
System memory in use after: 90.5 MB.

Unloading 10 unused Assets to reduce memory usage. Loaded Objects now: 2437.
Total: 3.407400 ms (FindLiveObjects: 0.330200 ms CreateObjectMapping: 0.196700 ms MarkObjects: 2.848000 ms  DeleteObjects: 0.030700 ms)

